2017-04-06 17:40:15 ERROR Properties::load open file failed .\reaper.cfg
2017-04-06 17:40:15 INFO Configuration::parseApplicationInfo IE setting will be initialized in async
2017-04-06 17:40:15 INFO System::getMacAddressNew adapter: name=Realtek PCIe GBE Family Controller, mac=50af736ef91d, ifType=6
2017-04-06 17:40:15 ERROR Failed to initialize COM libraray. Error code = 0x80010106
2017-04-06 17:40:15 ERROR Failed to initialize COM libraray. Error code = 0x80010106
2017-04-06 17:40:15 INFO TaskExecutor::init thread 1 threadId=[4876]
2017-04-06 17:40:15 INFO TaskExecutor::init succeed. size=1
2017-04-06 17:40:15 INFO TaskExecutor::init thread 1 threadId=[6416]
2017-04-06 17:40:15 INFO TaskExecutor::init succeed. size=1
2017-04-06 17:40:15 DEBUG TaskExecutor::_threadFunc[4876] enter
2017-04-06 17:40:15 DEBUG TaskExecutor::_threadFunc[6416] enter
2017-04-06 17:40:15 INFO Configuration::asyncIESetting null proxy url
2017-04-06 17:40:15 INFO AnalyticsTracker::trackInitial sdkVersion=10.1.34, isInit2=0
2017-04-06 17:40:15 DEBUG await [4876] 18
2017-04-06 17:40:15 WARN ConfigurationUpdateTask::check server post url is null.
2017-04-06 17:40:15 INFO FileStorage::open file .\log\lenovo_reaper.db7 created
2017-04-06 17:40:15 INFO FileStorage::open file .\log\lenovo_reaper.db7 open succeed
2017-04-06 17:40:15 DEBUG FileStorage::readRecord read 0 characters
2017-04-06 17:40:15 INFO FileEventDaoImpl::activeSession DB init
2017-04-06 17:40:15 DEBUG FileStorage::position failed offset=0, tellg=-1, tellp=-1
2017-04-06 17:40:15 DEBUG FileStorage::position again offset=0, tellg=0, tellp=0
2017-04-06 17:40:15 DEBUG FileStorage::writeRecord write 70 characters
2017-04-06 17:40:15 DEBUG await [6416] 22
2017-04-06 17:40:15 WARN ConfigurationUpdateTask::check server post url is null.
2017-04-06 17:40:15 DEBUG FileStorage::writeRecord write 107 characters
2017-04-06 17:40:15 DEBUG FileStorage::writeRecord write 70 characters
2017-04-06 17:40:15 DEBUG await [6416] 18
2017-04-06 17:40:15 DEBUG FileStorage::writeRecord write 210 characters
2017-04-06 17:40:15 DEBUG FileStorage::writeRecord write 70 characters
2017-04-06 17:40:15 DEBUG await [4876] 0
2017-04-06 17:40:15 DEBUG FileStorage::readRecord read 4096 characters
2017-04-06 17:40:15 DEBUG FileStorage::readRecord read 209 characters
2017-04-06 17:40:15 DEBUG HttpRequestHandler::postEvents enter listSize=2
2017-04-06 17:40:15 INFO AnalyticsTracker::sendEvents no reported event.
2017-04-06 17:40:15 WARN ConfigurationUpdateTask::check server post url is null.
2017-04-06 17:40:15 DEBUG FileStorage::position failed offset=4096, tellg=-1, tellp=-1
2017-04-06 17:40:15 DEBUG FileStorage::position again offset=4096, tellg=4096, tellp=4096
2017-04-06 17:40:15 DEBUG FileStorage::readRecord read 4096 characters
2017-04-06 17:40:15 DEBUG FileStorage::readRecord read 209 characters
2017-04-06 17:40:15 DEBUG HttpRequestHandler::postEvents enter listSize=2
2017-04-06 17:40:15 INFO AnalyticsTracker::sendEvents no reported event.
2017-04-06 17:40:15 DEBUG await [6416] 0
2017-04-06 17:40:19 INFO AnalyticsTracker::syncExit enter
2017-04-06 17:40:19 DEBUG FileStorage::position failed offset=12288, tellg=-1, tellp=-1
2017-04-06 17:40:19 DEBUG FileStorage::position again offset=12288, tellg=12288, tellp=12288
2017-04-06 17:40:19 DEBUG FileStorage::writeRecord write 171 characters
2017-04-06 17:40:19 DEBUG FileStorage::writeRecord write 70 characters
2017-04-06 17:40:19 INFO AnalyticsTracker::syncExit returned after 1 ms
2017-04-06 17:40:19 DEBUG TaskExecutor::notifyAllAndWait WaitForMultipleObjects returned
2017-04-06 17:40:19 INFO TaskExecutor::notifyAllAndWait finished
2017-04-06 17:40:19 DEBUG TaskExecutor::notifyAllAndWait WaitForMultipleObjects returned
2017-04-06 17:40:19 INFO TaskExecutor::notifyAllAndWait finished
2017-04-06 17:40:19 INFO AnalyticsTracker::~AnalyticsTracker finished
2017-04-06 17:40:19 INFO TaskExecutor::~TaskExecutor finished
2017-04-06 17:40:19 INFO TaskExecutor::~TaskExecutor finished
